SeekArc_library/build/outputs/logs/manifest-merger-debug-report.txt
-- Merging decision tree log ---
manifest
ADDED from xRadio\SeekArc_library\AndroidManifest.xml:1:1-7:12
INJECTED from xRadio\SeekArc_library\AndroidManifest.xml:1:1-7:12
	package
		INJECTED from xRadio\SeekArc_library\AndroidManifest.xml
	xmlns:android
		ADDED from xRadio\SeekArc_library\AndroidManifest.xml:1:11-69
uses-sdk
INJECTED from xRadio\SeekArc_library\AndroidManifest.xml reason: use-sdk injection requested
INJECTED from xRadio\SeekArc_library\AndroidManifest.xml
INJECTED from xRadio\SeekArc_library\AndroidManifest.xml
	android:targetSdkVersion
		INJECTED from xRadio\SeekArc_library\AndroidManifest.xml
	android:minSdkVersion
		INJECTED from xRadio\SeekArc_library\AndroidManifest.xml